<?xml version="1.0" encoding="UTF-8"?>
<testng-results ignored="0" total="1" passed="1" failed="0" skipped="0">
  <reporter-output>
  </reporter-output>
  <suite started-at="2024-08-26T12:55:28 IST" name="Saral_SPP_New" finished-at="2024-08-26T12:56:26 IST" duration-ms="58263">
    <groups>
    </groups>
    <test started-at="2024-08-26T12:55:28 IST" name="Test" finished-at="2024-08-26T12:56:26 IST" duration-ms="58263">
      <class name="testcases.sampleTest">
        <test-method is-config="true" signature="setup(java.lang.String)[pri:0, instance:testcases.sampleTest@247310d0]" started-at="2024-08-26T12:55:28 IST" name="setup" finished-at="2024-08-26T12:55:42 IST" duration-ms="14256" status="PASS">
          <params>
            <param index="0">
              <value>
                <![CDATA[chrome]]>
              </value>
            </param>
          </params>
          <reporter-output>
          </reporter-output>
        </test-method> <!-- setup -->
        <test-method signature="sampletest()[pri:0, instance:testcases.sampleTest@247310d0]" started-at="2024-08-26T12:55:42 IST" name="sampletest" finished-at="2024-08-26T12:56:26 IST" duration-ms="43270" status="PASS">
          <reporter-output>
          </reporter-output>
        </test-method> <!-- sampletest -->
        <test-method is-config="true" signature="teardown()[pri:0, instance:testcases.sampleTest@247310d0]" started-at="2024-08-26T12:56:26 IST" name="teardown" finished-at="2024-08-26T12:56:26 IST" duration-ms="439" status="PASS">
          <reporter-output>
          </reporter-output>
        </test-method> <!-- teardown -->
      </class> <!-- testcases.sampleTest -->
    </test> <!-- Test -->
  </suite> <!-- Saral_SPP_New -->
</testng-results>
